<?xml version="1.0" encoding="UTF-8"?>
<!-- Generated by org.testng.reporters.JUnitReportReporter -->
<testsuite skipped="0" hostname="LAPTOP-C9SMPCOO" name="scripts.TestInvalidLogin" tests="1" failures="0" timestamp="03 Dec 2017 08:09:53 GMT" time="35.051" errors="0">
  <testcase name="testInvalidLogin" time="35.051" classname="scripts.TestInvalidLogin"/>
</testsuite> <!-- scripts.TestInvalidLogin -->
