<?xml version="1.0" encoding="UTF-8"?>
<!-- Generated by org.testng.reporters.JUnitReportReporter -->
<testsuite name="scripts.TestInvalidLogin" tests="1" time="38.462" ignored="0" failures="0" timestamp="09 Dec 2017 06:23:38 GMT" skipped="0" hostname="LAPTOP-C9SMPCOO" errors="0">
  <testcase name="testInvalidLogin" time="38.462" classname="scripts.TestInvalidLogin"/>
</testsuite> <!-- scripts.TestInvalidLogin -->
