<?xml version="1.0" encoding="UTF-8"?>
<!-- Generated by org.testng.reporters.JUnitReportReporter -->
<testsuite name="scripts.TestLogin" tests="1" time="23.332" ignored="0" failures="0" timestamp="09 Dec 2017 06:23:38 GMT" skipped="0" hostname="LAPTOP-C9SMPCOO" errors="0">
  <testcase name="testLogin" time="23.332" classname="scripts.TestLogin"/>
</testsuite> <!-- scripts.TestLogin -->
